# JRE version: OpenJDK Runtime Environment (8.0_76-b03) (build 1.8.0_76-release-b03)
# Java VM: OpenJDK 64-Bit Server VM (25.76-b03 mixed mode linux-amd64 compressed oops)
Heap:
 PSYoungGen      total 301056K, used 25596K [0x00000000e0000000, 0x00000000f4480000, 0x0000000100000000)
  eden space 275456K, 0% used [0x00000000e0000000,0x00000000e0000000,0x00000000f0d00000)
  from space 25600K, 99% used [0x00000000f0d00000,0x00000000f25ff160,0x00000000f2600000)
  to   space 19456K, 0% used [0x00000000f2600000,0x00000000f2600000,0x00000000f3900000)
 ParOldGen       total 126464K, used 60887K [0x00000000a0000000, 0x00000000a7b80000, 0x00000000e0000000)
  object space 126464K, 48% used [0x00000000a0000000,0x00000000a3b75d90,0x00000000a7b80000)
 Metaspace       used 77996K, capacity 82636K, committed 82840K, reserved 1122304K
  class space    used 9887K, capacity 10605K, committed 10648K, reserved 1048576K
GC Heap History (10 events):
Event: 4519.837 GC heap after
Heap after GC invocations=42 (full 9):
 PSYoungGen      total 228352K, used 6347K [0x00000000e0000000, 0x00000000eff80000, 0x0000000100000000)
  eden space 221696K, 0% used [0x00000000e0000000,0x00000000e0000000,0x00000000ed880000)
  from space 6656K, 95% used [0x00000000ee180000,0x00000000ee7b2ed0,0x00000000ee800000)
  to   space 19968K, 0% used [0x00000000eec00000,0x00000000eec00000,0x00000000eff80000)
 ParOldGen       total 126464K, used 51605K [0x00000000a0000000, 0x00000000a7b80000, 0x00000000e0000000)
  object space 126464K, 40% used [0x00000000a0000000,0x00000000a32656b8,0x00000000a7b80000)
 Metaspace       used 77323K, capacity 81276K, committed 81432K, reserved 1120256K
  class space    used 9788K, capacity 10438K, committed 10520K, reserved 1048576K
}
Event: 4519.914 GC heap before
{Heap before GC invocations=43 (full 9):
 PSYoungGen      total 228352K, used 227620K [0x00000000e0000000, 0x00000000eff80000, 0x0000000100000000)
  eden space 221696K, 99% used [0x00000000e0000000,0x00000000ed8162e0,0x00000000ed880000)
  from space 6656K, 95% used [0x00000000ee180000,0x00000000ee7b2ed0,0x00000000ee800000)
  to   space 19968K, 0% used [0x00000000eec00000,0x00000000eec00000,0x00000000eff80000)
 ParOldGen       total 126464K, used 51605K [0x00000000a0000000, 0x00000000a7b80000, 0x00000000e0000000)
  object space 126464K, 40% used [0x00000000a0000000,0x00000000a32656b8,0x00000000a7b80000)
 Metaspace       used 77328K, capacity 81340K, committed 81432K, reserved 1120256K
  class space    used 9788K, capacity 10438K, committed 10520K, reserved 1048576K
Event: 4519.956 GC heap after
Heap after GC invocations=43 (full 9):
 PSYoungGen      total 242688K, used 5132K [0x00000000e0000000, 0x00000000f3800000, 0x0000000100000000)
  eden space 222720K, 0% used [0x00000000e0000000,0x00000000e0000000,0x00000000ed980000)
  from space 19968K, 25% used [0x00000000eec00000,0x00000000ef1032f8,0x00000000eff80000)
  to   space 18944K, 0% used [0x00000000ed980000,0x00000000ed980000,0x00000000eec00000)
 ParOldGen       total 126464K, used 51605K [0x00000000a0000000, 0x00000000a7b80000, 0x00000000e0000000)
  object space 126464K, 40% used [0x00000000a0000000,0x00000000a32656b8,0x00000000a7b80000)
 Metaspace       used 77328K, capacity 81340K, committed 81432K, reserved 1120256K
  class space    used 9788K, capacity 10438K, committed 10520K, reserved 1048576K
}
Event: 4521.194 GC heap before
{Heap before GC invocations=44 (full 9):
 PSYoungGen      total 242688K, used 148521K [0x00000000e0000000, 0x00000000f3800000, 0x0000000100000000)
  eden space 222720K, 64% used [0x00000000e0000000,0x00000000e8c07340,0x00000000ed980000)
  from space 19968K, 25% used [0x00000000eec00000,0x00000000ef1032f8,0x00000000eff80000)
  to   space 18944K, 0% used [0x00000000ed980000,0x00000000ed980000,0x00000000eec00000)
 ParOldGen       total 126464K, used 51605K [0x00000000a0000000, 0x00000000a7b80000, 0x00000000e0000000)
  object space 126464K, 40% used [0x00000000a0000000,0x00000000a32656b8,0x00000000a7b80000)
 Metaspace       used 77582K, capacity 81640K, committed 81688K, reserved 1120256K
  class space    used 9805K, capacity 10478K, committed 10520K, reserved 1048576K
Event: 4521.212 GC heap after
Heap after GC invocations=44 (full 9):
 PSYoungGen      total 241664K, used 1324K [0x00000000e0000000, 0x00000000f3900000, 0x0000000100000000)
  eden space 222720K, 0% used [0x00000000e0000000,0x00000000e0000000,0x00000000ed980000)
  from space 18944K, 6% used [0x00000000ed980000,0x00000000edacb1f8,0x00000000eec00000)
  to   space 19456K, 0% used [0x00000000f2600000,0x00000000f2600000,0x00000000f3900000)
 ParOldGen       total 126464K, used 51613K [0x00000000a0000000, 0x00000000a7b80000, 0x00000000e0000000)
  object space 126464K, 40% used [0x00000000a0000000,0x00000000a32676b8,0x00000000a7b80000)
 Metaspace       used 77582K, capacity 81640K, committed 81688K, reserved 1120256K
  class space    used 9805K, capacity 10478K, committed 10520K, reserved 1048576K
}
Event: 4521.212 GC heap before
{Heap before GC invocations=45 (full 10):
 PSYoungGen      total 241664K, used 1324K [0x00000000e0000000, 0x00000000f3900000, 0x0000000100000000)
  eden space 222720K, 0% used [0x00000000e0000000,0x00000000e0000000,0x00000000ed980000)
  from space 18944K, 6% used [0x00000000ed980000,0x00000000edacb1f8,0x00000000eec00000)
  to   space 19456K, 0% used [0x00000000f2600000,0x00000000f2600000,0x00000000f3900000)
 ParOldGen       total 126464K, used 51613K [0x00000000a0000000, 0x00000000a7b80000, 0x00000000e0000000)
  object space 126464K, 40% used [0x00000000a0000000,0x00000000a32676b8,0x00000000a7b80000)
 Metaspace       used 77582K, capacity 81640K, committed 81688K, reserved 1120256K
  class space    used 9805K, capacity 10478K, committed 10520K, reserved 1048576K
Event: 4521.895 GC heap after
Heap after GC invocations=45 (full 10):
 PSYoungGen      total 241664K, used 0K [0x00000000e0000000, 0x00000000f3900000, 0x0000000100000000)
  eden space 222720K, 0% used [0x00000000e0000000,0x00000000e0000000,0x00000000ed980000)
  from space 18944K, 0% used [0x00000000ed980000,0x00000000ed980000,0x00000000eec00000)
  to   space 19456K, 0% used [0x00000000f2600000,0x00000000f2600000,0x00000000f3900000)
 ParOldGen       total 126464K, used 50894K [0x00000000a0000000, 0x00000000a7b80000, 0x00000000e0000000)
  object space 126464K, 40% used [0x00000000a0000000,0x00000000a31b3ae8,0x00000000a7b80000)
 Metaspace       used 77332K, capacity 81286K, committed 81688K, reserved 1120256K
  class space    used 9778K, capacity 10422K, committed 10520K, reserved 1048576K
}
Event: 4572.040 GC heap before
{Heap before GC invocations=46 (full 10):
 PSYoungGen      total 241664K, used 222720K [0x00000000e0000000, 0x00000000f3900000, 0x0000000100000000)
  eden space 222720K, 100% used [0x00000000e0000000,0x00000000ed980000,0x00000000ed980000)
  from space 18944K, 0% used [0x00000000ed980000,0x00000000ed980000,0x00000000eec00000)
  to   space 19456K, 0% used [0x00000000f2600000,0x00000000f2600000,0x00000000f3900000)
 ParOldGen       total 126464K, used 50894K [0x00000000a0000000, 0x00000000a7b80000, 0x00000000e0000000)
  object space 126464K, 40% used [0x00000000a0000000,0x00000000a31b3ae8,0x00000000a7b80000)
 Metaspace       used 77481K, capacity 81434K, committed 81944K, reserved 1120256K
  class space    used 9792K, capacity 10441K, committed 10520K, reserved 1048576K
Event: 4572.275 GC heap after
Heap after GC invocations=46 (full 10):
 PSYoungGen      total 294912K, used 19430K [0x00000000e0000000, 0x00000000f4480000, 0x0000000100000000)
  eden space 275456K, 0% used [0x00000000e0000000,0x00000000e0000000,0x00000000f0d00000)
  from space 19456K, 99% used [0x00000000f2600000,0x00000000f38f9950,0x00000000f3900000)
  to   space 25600K, 0% used [0x00000000f0d00000,0x00000000f0d00000,0x00000000f2600000)
 ParOldGen       total 126464K, used 59047K [0x00000000a0000000, 0x00000000a7b80000, 0x00000000e0000000)
  object space 126464K, 46% used [0x00000000a0000000,0x00000000a39a9cd0,0x00000000a7b80000)
 Metaspace       used 77481K, capacity 81434K, committed 81944K, reserved 1120256K
  class space    used 9792K, capacity 10441K, committed 10520K, reserved 1048576K
}
Event: 4641.187 GC heap before
{Heap before GC invocations=47 (full 10):
 PSYoungGen      total 294912K, used 294886K [0x00000000e0000000, 0x00000000f4480000, 0x0000000100000000)
  eden space 275456K, 100% used [0x00000000e0000000,0x00000000f0d00000,0x00000000f0d00000)
  from space 19456K, 99% used [0x00000000f2600000,0x00000000f38f9950,0x00000000f3900000)
  to   space 25600K, 0% used [0x00000000f0d00000,0x00000000f0d00000,0x00000000f2600000)
 ParOldGen       total 126464K, used 59047K [0x00000000a0000000, 0x00000000a7b80000, 0x00000000e0000000)
  object space 126464K, 46% used [0x00000000a0000000,0x00000000a39a9cd0,0x00000000a7b80000)
 Metaspace       used 77996K, capacity 82636K, committed 82840K, reserved 1122304K
  class space    used 9887K, capacity 10605K, committed 10648K, reserved 1048576K

